Base path: C:/Program Files (x86)/Unity/Editor/Data
Pipe name: \\.\pipe\UnityShaderCompiler-1-5072
Cmd: getPlatforms
Cmd: preprocess
  insize=824 outsize=824 ok=1
Cmd: preprocess
  insize=1284 outsize=1284 ok=1
Cmd: preprocess
  insize=747 outsize=747 ok=1
Cmd: preprocess
  insize=3315 outsize=2049 ok=1
Cmd: preprocess
  insize=630 outsize=630 ok=1
Cmd: preprocess
  insize=667 outsize=667 ok=1
Cmd: preprocess
  insize=2514 outsize=1827 ok=1
Cmd: preprocess
  insize=1854 outsize=1854 ok=1
Cmd: preprocess
  insize=969 outsize=969 ok=1
Cmd: preprocess
  insize=4060 outsize=2702 ok=1
Cmd: preprocess
  insize=1489 outsize=1486 ok=1
Cmd: preprocess
  insize=1727 outsize=2380 ok=1
Cmd: preprocess
  insize=3385 outsize=2980 ok=1
Cmd: preprocess
  insize=1622 outsize=2255 ok=1
Cmd: preprocess
  insize=485 outsize=485 ok=1
Cmd: preprocess
  insize=1338 outsize=1338 ok=1
Cmd: preprocess
  insize=3282 outsize=1987 ok=1
Cmd: preprocess
  insize=590 outsize=590 ok=1
Cmd: preprocess
  insize=385 outsize=385 ok=1
